6月 25, 2022 4:44:19 下午 soccer.Soccer playGame
FINE: ****** New game ****** 
6月 25, 2022 4:44:19 下午 soccer.Soccer playGame
FINE: Kickoff 
6月 25, 2022 4:44:19 下午 soccer.Soccer playGame
FINE: Khaled Hosseini of the Robins team -- Receive pass 
6月 25, 2022 4:44:19 下午 soccer.Soccer playGame
FINE: Khaled Hosseini of the Robins team -- Dribble 
6月 25, 2022 4:44:19 下午 soccer.Soccer playGame
FINE: Khaled Hosseini of the Robins team -- Fouled. Free kick to attacking side.
6月 25, 2022 4:44:19 下午 soccer.Soccer playGame
FINE: Dan Brown of the Pelicans team -- Saved. Kickout 
6月 25, 2022 4:44:19 下午 soccer.Soccer playGame
FINE: Rumi of the Pelicans team -- Receive pass 
6月 25, 2022 4:44:19 下午 soccer.Soccer playGame
FINE: Rumi of the Pelicans team -- Pass attempt 
6月 25, 2022 4:44:19 下午 soccer.Soccer playGame
FINE: Dan Brown of the Pelicans team -- Receive pass 
6月 25, 2022 4:44:19 下午 soccer.Soccer playGame
FINE: Dan Brown of the Pelicans team -- Fouled. Free kick to attacking side.
6月 25, 2022 4:44:19 下午 soccer.Soccer playGame
FINE: Giacomo Leopardi of the Pelicans team -- Receive pass 
6月 25, 2022 4:44:19 下午 soccer.Soccer playGame
FINE: Giacomo Leopardi of the Pelicans team -- Pass attempt 
6月 25, 2022 4:44:19 下午 soccer.Soccer playGame
FINE: Dan Brown of the Pelicans team -- Receive pass 
6月 25, 2022 4:44:19 下午 soccer.Soccer playGame
FINE: Dan Brown of the Pelicans team -- Fouled. Free kick to attacking side.
6月 25, 2022 4:44:19 下午 soccer.Soccer playGame
FINE: Lee Child of the Pelicans team -- Receive pass 
6月 25, 2022 4:44:19 下午 soccer.Soccer playGame
FINE: Lee Child of the Pelicans team -- SHOOTS 
6月 25, 2022 4:44:19 下午 soccer.Soccer playGame
FINE: Khaled Hosseini of the Robins team -- Saved. Kickout 
6月 25, 2022 4:44:19 下午 soccer.Soccer playGame
FINE: Agatha Christie of the Robins team -- Receive pass 
6月 25, 2022 4:44:19 下午 soccer.Soccer playGame
FINE: Agatha Christie of the Robins team -- Pass attempt 
6月 25, 2022 4:44:19 下午 soccer.Soccer playGame
FINE: Khaled Hosseini of the Robins team -- Receive pass 
6月 25, 2022 4:44:19 下午 soccer.Soccer playGame
FINE: Khaled Hosseini of the Robins team -- Dribble 
6月 25, 2022 4:44:19 下午 soccer.Soccer playGame
FINE: Rumi of the Pelicans team -- WON possession 
6月 25, 2022 4:44:19 下午 soccer.Soccer playGame
FINE: Rumi of the Pelicans team -- SHOOTS 
6月 25, 2022 4:44:19 下午 soccer.Soccer playGame
FINE: Rumi of the Pelicans team -- GOAL! 
6月 25, 2022 4:44:19 下午 soccer.Soccer playGame
FINE: Mario Puzo of the Robins team -- Kickoff 
6月 25, 2022 4:44:19 下午 soccer.Soccer playGame
FINE: Seamus Heaney of the Robins team -- Receive pass 
6月 25, 2022 4:44:19 下午 soccer.Soccer playGame
FINE: Seamus Heaney of the Robins team -- Fouled. Free kick to attacking side.
6月 25, 2022 4:44:19 下午 soccer.Soccer playGame
FINE: Seamus Heaney of the Robins team -- GOAL! 
6月 25, 2022 4:44:19 下午 soccer.Soccer playGame
FINE: Lee Child of the Pelicans team -- Kickoff 
6月 25, 2022 4:44:19 下午 soccer.Soccer playGame
FINE: Roger Hargreaves of the Pelicans team -- Receive pass 
6月 25, 2022 4:44:20 下午 soccer.Soccer playGame
FINE: Roger Hargreaves of the Pelicans team -- Pass attempt 
6月 25, 2022 4:44:20 下午 soccer.Soccer playGame
FINE: Lee Child of the Pelicans team -- Receive pass 
6月 25, 2022 4:44:20 下午 soccer.Soccer playGame
FINE: Lee Child of the Pelicans team -- Pass attempt 
6月 25, 2022 4:44:20 下午 soccer.Soccer playGame
FINE: Dan Brown of the Pelicans team -- Receive pass 
6月 25, 2022 4:44:20 下午 soccer.Soccer playGame
FINE: Dan Brown of the Pelicans team -- Pass attempt 
6月 25, 2022 4:44:20 下午 soccer.Soccer playGame
FINE: Rumi of the Pelicans team -- Receive pass 
6月 25, 2022 4:44:20 下午 soccer.Soccer playGame
FINE: Rumi of the Pelicans team -- Dribble 
6月 25, 2022 4:44:20 下午 soccer.Soccer playGame
FINE: Rumi of the Pelicans team -- SHOOTS 
6月 25, 2022 4:44:20 下午 soccer.Soccer playGame
FINE: Rumi of the Pelicans team -- GOAL! 
6月 25, 2022 4:44:20 下午 soccer.Soccer playGame
FINE: Khaled Hosseini of the Robins team -- Kickoff 
6月 25, 2022 4:44:20 下午 soccer.Soccer playGame
FINE: Mario Puzo of the Robins team -- Receive pass 
6月 25, 2022 4:44:20 下午 soccer.Soccer playGame
FINE: Roger Hargreaves of the Pelicans team -- WON possession 
6月 25, 2022 4:44:20 下午 soccer.Soccer playGame
FINE: Agatha Christie of the Robins team -- Fouled. Free kick to defending side.
6月 25, 2022 4:44:20 下午 soccer.Soccer playGame
FINE: Seamus Heaney of the Robins team -- Receive pass 
6月 25, 2022 4:44:20 下午 soccer.Soccer playGame
FINE: Seamus Heaney of the Robins team -- Fouled. Free kick to attacking side.
6月 25, 2022 4:44:20 下午 soccer.Soccer playGame
FINE: Giacomo Leopardi of the Pelicans team -- Saved. Kickout 
6月 25, 2022 4:44:20 下午 soccer.Soccer playGame
FINE: Lee Child of the Pelicans team -- Receive pass 
6月 25, 2022 4:44:20 下午 soccer.Soccer playGame
FINE: Lee Child of the Pelicans team -- SHOOTS 
6月 25, 2022 4:44:20 下午 soccer.Soccer playGame
FINE: Mario Puzo of the Robins team -- Saved. Kickout 
6月 25, 2022 4:44:20 下午 soccer.Soccer playGame
FINE: Agatha Christie of the Robins team -- Receive pass 
6月 25, 2022 4:44:20 下午 soccer.Soccer playGame
FINE: Agatha Christie of the Robins team -- SHOOTS 
6月 25, 2022 4:44:20 下午 soccer.Soccer playGame
FINE: Dan Brown of the Pelicans team -- Saved. Kickout 
6月 25, 2022 4:44:20 下午 soccer.Soccer playGame
FINE: Lee Child of the Pelicans team -- Receive pass 
6月 25, 2022 4:44:20 下午 soccer.Soccer playGame
FINE: Lee Child of the Pelicans team -- Fouled. Free kick to attacking side.
6月 25, 2022 4:44:20 下午 soccer.Soccer playGame
FINE: Agatha Christie of the Robins team -- Saved. Kickout 
6月 25, 2022 4:44:20 下午 soccer.Soccer playGame
FINE: Clive Cussler of the Robins team -- Receive pass 
6月 25, 2022 4:44:20 下午 soccer.Soccer playGame
FINE: Clive Cussler of the Robins team -- Pass attempt 
6月 25, 2022 4:44:20 下午 soccer.Soccer playGame
FINE: Khaled Hosseini of the Robins team -- Receive pass 
6月 25, 2022 4:44:20 下午 soccer.Soccer playGame
FINE: Khaled Hosseini of the Robins team -- Fouled. Free kick to attacking side.
6月 25, 2022 4:44:20 下午 soccer.Soccer playGame
FINE: Khaled Hosseini of the Robins team -- GOAL! 
6月 25, 2022 4:44:20 下午 soccer.Soccer playGame
FINE: Roger Hargreaves of the Pelicans team -- Kickoff 
6月 25, 2022 4:44:20 下午 soccer.Soccer playGame
FINE: Giacomo Leopardi of the Pelicans team -- Receive pass 
6月 25, 2022 4:44:20 下午 soccer.Soccer playGame
FINE: Giacomo Leopardi of the Pelicans team -- Dribble 
6月 25, 2022 4:44:20 下午 soccer.Soccer playGame
FINE: Giacomo Leopardi of the Pelicans team -- SHOOTS 
6月 25, 2022 4:44:20 下午 soccer.Soccer playGame
FINE: Mario Puzo of the Robins team -- Saved. Kickout 
6月 25, 2022 4:44:20 下午 soccer.Soccer playGame
FINE: Clive Cussler of the Robins team -- Receive pass 
6月 25, 2022 4:44:20 下午 soccer.Soccer playGame
FINE: Clive Cussler of the Robins team -- SHOOTS 
6月 25, 2022 4:44:20 下午 soccer.Soccer playGame
FINE: Rumi of the Pelicans team -- Saved. Kickout 
6月 25, 2022 4:44:20 下午 soccer.Soccer playGame
FINE: Dan Brown of the Pelicans team -- Receive pass 
6月 25, 2022 4:44:20 下午 soccer.Soccer playGame
FINE: Dan Brown of the Pelicans team -- Dribble 
6月 25, 2022 4:44:20 下午 soccer.Soccer playGame
FINE: Dan Brown of the Pelicans team -- Pass attempt 
6月 25, 2022 4:44:20 下午 soccer.Soccer playGame
FINE: Lee Child of the Pelicans team -- Receive pass 
6月 25, 2022 4:44:20 下午 soccer.Soccer playGame
FINE: Lee Child of the Pelicans team -- SHOOTS 
6月 25, 2022 4:44:20 下午 soccer.Soccer playGame
FINE: Lee Child of the Pelicans team -- GOAL! 
6月 25, 2022 4:44:20 下午 soccer.Soccer playGame
FINE: Khaled Hosseini of the Robins team -- Kickoff 
6月 25, 2022 4:44:20 下午 soccer.Soccer playGame
FINE: Seamus Heaney of the Robins team -- Receive pass 
6月 25, 2022 4:44:20 下午 soccer.Soccer playGame
FINE: Seamus Heaney of the Robins team -- SHOOTS 
6月 25, 2022 4:44:20 下午 soccer.Soccer playGame
FINE: ****** New game ****** 
6月 25, 2022 4:44:20 下午 soccer.Soccer playGame
FINE: Kickoff 
6月 25, 2022 4:44:20 下午 soccer.Soccer playGame
FINE: Thomas Pynchon of the Sparrows team -- Receive pass 
6月 25, 2022 4:44:20 下午 soccer.Soccer playGame
FINE: Thomas Pynchon of the Sparrows team -- Fouled. Free kick to attacking side.
6月 25, 2022 4:44:20 下午 soccer.Soccer playGame
FINE: John Irving of the Magpies team -- WON possession 
6月 25, 2022 4:44:20 下午 soccer.Soccer playGame
FINE: John Irving of the Magpies team -- SHOOTS 
6月 25, 2022 4:44:20 下午 soccer.Soccer playGame
FINE: John Irving of the Magpies team -- GOAL! 
6月 25, 2022 4:44:20 下午 soccer.Soccer playGame
FINE: Tom Robbins of the Sparrows team -- Kickoff 
6月 25, 2022 4:44:20 下午 soccer.Soccer playGame
FINE: Joyce Carol Oates of the Sparrows team -- Receive pass 
6月 25, 2022 4:44:20 下午 soccer.Soccer playGame
FINE: Joyce Carol Oates of the Sparrows team -- Fouled. Free kick to attacking side.
6月 25, 2022 4:44:20 下午 soccer.Soccer playGame
FINE: Dale Carnegie of the Magpies team -- WON possession 
6月 25, 2022 4:44:20 下午 soccer.Soccer playGame
FINE: Dale Carnegie of the Magpies team -- Dribble 
6月 25, 2022 4:44:20 下午 soccer.Soccer playGame
FINE: Dale Carnegie of the Magpies team -- Pass attempt 
6月 25, 2022 4:44:20 下午 soccer.Soccer playGame
FINE: Marguerite Yourcenar of the Magpies team -- Receive pass 
6月 25, 2022 4:44:20 下午 soccer.Soccer playGame
FINE: Marguerite Yourcenar of the Magpies team -- Pass attempt 
6月 25, 2022 4:44:20 下午 soccer.Soccer playGame
FINE: Stephen Hawking of the Magpies team -- Receive pass 
6月 25, 2022 4:44:20 下午 soccer.Soccer playGame
FINE: Stephen Hawking of the Magpies team -- SHOOTS 
6月 25, 2022 4:44:20 下午 soccer.Soccer playGame
FINE: Mary Shelley of the Sparrows team -- Saved. Kickout 
6月 25, 2022 4:44:20 下午 soccer.Soccer playGame
FINE: Frank McCourt of the Sparrows team -- Receive pass 
6月 25, 2022 4:44:20 下午 soccer.Soccer playGame
FINE: Frank McCourt of the Sparrows team -- SHOOTS 
6月 25, 2022 4:44:20 下午 soccer.Soccer playGame
FINE: Stephen Hawking of the Magpies team -- Saved. Kickout 
6月 25, 2022 4:44:20 下午 soccer.Soccer playGame
FINE: J. R. R. Tolkien of the Magpies team -- Receive pass 
6月 25, 2022 4:44:20 下午 soccer.Soccer playGame
FINE: Mary Shelley of the Sparrows team -- WON possession 
6月 25, 2022 4:44:20 下午 soccer.Soccer playGame
FINE: J. R. R. Tolkien of the Magpies team -- Fouled. Free kick to defending side.
6月 25, 2022 4:44:20 下午 soccer.Soccer playGame
FINE: John Irving of the Magpies team -- Receive pass 
6月 25, 2022 4:44:20 下午 soccer.Soccer playGame
FINE: John Irving of the Magpies team -- SHOOTS 
6月 25, 2022 4:44:20 下午 soccer.Soccer playGame
FINE: Tom Robbins of the Sparrows team -- Saved. Kickout 
6月 25, 2022 4:44:20 下午 soccer.Soccer playGame
FINE: Mary Shelley of the Sparrows team -- Receive pass 
6月 25, 2022 4:44:20 下午 soccer.Soccer playGame
FINE: Mary Shelley of the Sparrows team -- Dribble 
6月 25, 2022 4:44:20 下午 soccer.Soccer playGame
FINE: Mary Shelley of the Sparrows team -- Pass attempt 
6月 25, 2022 4:44:20 下午 soccer.Soccer playGame
FINE: Tom Robbins of the Sparrows team -- Receive pass 
6月 25, 2022 4:44:20 下午 soccer.Soccer playGame
FINE: Dale Carnegie of the Magpies team -- WON possession 
6月 25, 2022 4:44:20 下午 soccer.Soccer playGame
FINE: Dale Carnegie of the Magpies team -- Dribble 
6月 25, 2022 4:44:20 下午 soccer.Soccer playGame
FINE: Dale Carnegie of the Magpies team -- Fouled. Free kick to attacking side.
6月 25, 2022 4:44:20 下午 soccer.Soccer playGame
FINE: Stephen Hawking of the Magpies team -- Receive pass 
6月 25, 2022 4:44:20 下午 soccer.Soccer playGame
FINE: Stephen Hawking of the Magpies team -- Dribble 
6月 25, 2022 4:44:20 下午 soccer.Soccer playGame
FINE: Stephen Hawking of the Magpies team -- Fouled. Free kick to attacking side.
6月 25, 2022 4:44:20 下午 soccer.Soccer playGame
FINE: Stephen Hawking of the Magpies team -- GOAL! 
6月 25, 2022 4:44:20 下午 soccer.Soccer playGame
FINE: Frank McCourt of the Sparrows team -- Kickoff 
6月 25, 2022 4:44:20 下午 soccer.Soccer playGame
FINE: Tom Robbins of the Sparrows team -- Receive pass 
6月 25, 2022 4:44:20 下午 soccer.Soccer playGame
FINE: Tom Robbins of the Sparrows team -- SHOOTS 
6月 25, 2022 4:44:20 下午 soccer.Soccer playGame
FINE: Marguerite Yourcenar of the Magpies team -- Saved. Kickout 
6月 25, 2022 4:44:20 下午 soccer.Soccer playGame
FINE: Dale Carnegie of the Magpies team -- Receive pass 
6月 25, 2022 4:44:20 下午 soccer.Soccer playGame
FINE: Dale Carnegie of the Magpies team -- Pass attempt 
6月 25, 2022 4:44:20 下午 soccer.Soccer playGame
FINE: Stephen Hawking of the Magpies team -- Receive pass 
6月 25, 2022 4:44:20 下午 soccer.Soccer playGame
FINE: Stephen Hawking of the Magpies team -- Fouled. Free kick to attacking side.
6月 25, 2022 4:44:20 下午 soccer.Soccer playGame
FINE: Stephen Hawking of the Magpies team -- GOAL! 
6月 25, 2022 4:44:20 下午 soccer.Soccer playGame
FINE: Thomas Pynchon of the Sparrows team -- Kickoff 
6月 25, 2022 4:44:20 下午 soccer.Soccer playGame
FINE: Tom Robbins of the Sparrows team -- Receive pass 
6月 25, 2022 4:44:20 下午 soccer.Soccer playGame
FINE: Stephen Hawking of the Magpies team -- WON possession 
6月 25, 2022 4:44:20 下午 soccer.Soccer playGame
FINE: Stephen Hawking of the Magpies team -- SHOOTS 
6月 25, 2022 4:44:20 下午 soccer.Soccer playGame
FINE: Joyce Carol Oates of the Sparrows team -- Saved. Kickout 
6月 25, 2022 4:44:20 下午 soccer.Soccer playGame
FINE: Frank McCourt of the Sparrows team -- Receive pass 
6月 25, 2022 4:44:20 下午 soccer.Soccer playGame
FINE: Frank McCourt of the Sparrows team -- SHOOTS 
6月 25, 2022 4:44:20 下午 soccer.Soccer playGame
FINE: Dale Carnegie of the Magpies team -- Saved. Kickout 
6月 25, 2022 4:44:20 下午 soccer.Soccer playGame
FINE: Stephen Hawking of the Magpies team -- Receive pass 
6月 25, 2022 4:44:20 下午 soccer.Soccer playGame
FINE: Stephen Hawking of the Magpies team -- SHOOTS 
6月 25, 2022 4:44:20 下午 soccer.Soccer playGame
FINE: Thomas Pynchon of the Sparrows team -- Saved. Kickout 
6月 25, 2022 4:44:20 下午 soccer.Soccer playGame
FINE: Tom Robbins of the Sparrows team -- Receive pass 
6月 25, 2022 4:44:20 下午 soccer.Soccer playGame
FINE: Tom Robbins of the Sparrows team -- Dribble 
6月 25, 2022 4:44:20 下午 soccer.Soccer playGame
FINE: Tom Robbins of the Sparrows team -- Fouled. Free kick to attacking side.
6月 25, 2022 4:44:20 下午 soccer.Soccer playGame
FINE: Tom Robbins of the Sparrows team -- GOAL! 
6月 25, 2022 4:44:20 下午 soccer.Soccer playGame
FINE: J. R. R. Tolkien of the Magpies team -- Kickoff 
6月 25, 2022 4:44:20 下午 soccer.Soccer playGame
FINE: John Irving of the Magpies team -- Receive pass 
6月 25, 2022 4:44:20 下午 soccer.Soccer playGame
FINE: John Irving of the Magpies team -- Pass attempt 
6月 25, 2022 4:44:20 下午 soccer.Soccer playGame
FINE: Marguerite Yourcenar of the Magpies team -- Receive pass 
6月 25, 2022 4:44:20 下午 soccer.Soccer playGame
FINE: Marguerite Yourcenar of the Magpies team -- SHOOTS 
6月 25, 2022 4:44:20 下午 soccer.Soccer playGame
FINE: Mary Shelley of the Sparrows team -- Saved. Kickout 
6月 25, 2022 4:44:20 下午 soccer.Soccer playGame
FINE: Tom Robbins of the Sparrows team -- Receive pass 
6月 25, 2022 4:44:20 下午 soccer.Soccer playGame
FINE: John Irving of the Magpies team -- WON possession 
6月 25, 2022 4:44:20 下午 soccer.Soccer playGame
FINE: Thomas Pynchon of the Sparrows team -- WON possession 
6月 25, 2022 4:44:20 下午 soccer.Soccer playGame
FINE: Thomas Pynchon of the Sparrows team -- SHOOTS 
6月 25, 2022 4:44:20 下午 soccer.Soccer playGame
FINE: Stephen Hawking of the Magpies team -- Saved. Kickout 
6月 25, 2022 4:44:20 下午 soccer.Soccer playGame
FINE: Dale Carnegie of the Magpies team -- Receive pass 
6月 25, 2022 4:44:20 下午 soccer.Soccer playGame
FINE: Dale Carnegie of the Magpies team -- Pass attempt 
6月 25, 2022 4:44:20 下午 soccer.Soccer playGame
FINE: Stephen Hawking of the Magpies team -- Receive pass 
6月 25, 2022 4:44:20 下午 soccer.Soccer playGame
FINE: Stephen Hawking of the Magpies team -- Dribble 
6月 25, 2022 4:44:20 下午 soccer.Soccer playGame
FINE: ****** New game ****** 
6月 25, 2022 4:44:20 下午 soccer.Soccer playGame
FINE: Kickoff 
6月 25, 2022 4:44:20 下午 soccer.Soccer playGame
FINE: Laura Ingalls Wilder of the Falcons team -- WON possession 
6月 25, 2022 4:44:20 下午 soccer.Soccer playGame
FINE: Laura Ingalls Wilder of the Falcons team -- Pass attempt 
6月 25, 2022 4:44:20 下午 soccer.Soccer playGame
FINE: Jeff Kinney of the Falcons team -- Receive pass 
6月 25, 2022 4:44:20 下午 soccer.Soccer playGame
FINE: Jeff Kinney of the Falcons team -- SHOOTS 
6月 25, 2022 4:44:20 下午 soccer.Soccer playGame
FINE: Hunter S. Thompson of the Crows team -- Saved. Kickout 
6月 25, 2022 4:44:20 下午 soccer.Soccer playGame
FINE: Hans Christian Andersen of the Crows team -- Receive pass 
6月 25, 2022 4:44:20 下午 soccer.Soccer playGame
FINE: Hans Christian Andersen of the Crows team -- SHOOTS 
6月 25, 2022 4:44:20 下午 soccer.Soccer playGame
FINE: Laura Ingalls Wilder of the Falcons team -- Saved. Kickout 
6月 25, 2022 4:44:20 下午 soccer.Soccer playGame
FINE: Martin Amis of the Falcons team -- Receive pass 
6月 25, 2022 4:44:20 下午 soccer.Soccer playGame
FINE: Martin Amis of the Falcons team -- Fouled. Free kick to attacking side.
6月 25, 2022 4:44:20 下午 soccer.Soccer playGame
FINE: Martin Amis of the Falcons team -- GOAL! 
6月 25, 2022 4:44:20 下午 soccer.Soccer playGame
FINE: Hans Christian Andersen of the Crows team -- Kickoff 
6月 25, 2022 4:44:20 下午 soccer.Soccer playGame
FINE: Günter Grass of the Crows team -- Receive pass 
6月 25, 2022 4:44:20 下午 soccer.Soccer playGame
FINE: Günter Grass of the Crows team -- Pass attempt 
6月 25, 2022 4:44:20 下午 soccer.Soccer playGame
FINE: Beverly Cleary of the Crows team -- Receive pass 
6月 25, 2022 4:44:20 下午 soccer.Soccer playGame
FINE: Beverly Cleary of the Crows team -- Pass attempt 
6月 25, 2022 4:44:20 下午 soccer.Soccer playGame
FINE: Günter Grass of the Crows team -- Receive pass 
6月 25, 2022 4:44:20 下午 soccer.Soccer playGame
FINE: Günter Grass of the Crows team -- SHOOTS 
6月 25, 2022 4:44:20 下午 soccer.Soccer playGame
FINE: John Gray of the Falcons team -- Saved. Kickout 
6月 25, 2022 4:44:20 下午 soccer.Soccer playGame
FINE: Martin Amis of the Falcons team -- Receive pass 
6月 25, 2022 4:44:20 下午 soccer.Soccer playGame
FINE: Martin Amis of the Falcons team -- Pass attempt 
6月 25, 2022 4:44:20 下午 soccer.Soccer playGame
FINE: Laura Ingalls Wilder of the Falcons team -- Receive pass 
6月 25, 2022 4:44:20 下午 soccer.Soccer playGame
FINE: Günter Grass of the Crows team -- WON possession 
6月 25, 2022 4:44:20 下午 soccer.Soccer playGame
FINE: Günter Grass of the Crows team -- Pass attempt 
6月 25, 2022 4:44:20 下午 soccer.Soccer playGame
FINE: Hans Christian Andersen of the Crows team -- Receive pass 
6月 25, 2022 4:44:20 下午 soccer.Soccer playGame
FINE: Hans Christian Andersen of the Crows team -- Pass attempt 
6月 25, 2022 4:44:20 下午 soccer.Soccer playGame
FINE: Hunter S. Thompson of the Crows team -- Receive pass 
6月 25, 2022 4:44:20 下午 soccer.Soccer playGame
FINE: Hunter S. Thompson of the Crows team -- Dribble 
6月 25, 2022 4:44:20 下午 soccer.Soccer playGame
FINE: Hunter S. Thompson of the Crows team -- SHOOTS 
6月 25, 2022 4:44:20 下午 soccer.Soccer playGame
FINE: Hunter S. Thompson of the Crows team -- GOAL! 
6月 25, 2022 4:44:20 下午 soccer.Soccer playGame
FINE: Martin Amis of the Falcons team -- Kickoff 
6月 25, 2022 4:44:20 下午 soccer.Soccer playGame
FINE: John Gray of the Falcons team -- Receive pass 
6月 25, 2022 4:44:20 下午 soccer.Soccer playGame
FINE: John Gray of the Falcons team -- Pass attempt 
6月 25, 2022 4:44:20 下午 soccer.Soccer playGame
FINE: Mark Twain of the Falcons team -- Receive pass 
6月 25, 2022 4:44:20 下午 soccer.Soccer playGame
FINE: Mark Twain of the Falcons team -- Pass attempt 
6月 25, 2022 4:44:20 下午 soccer.Soccer playGame
FINE: Jeff Kinney of the Falcons team -- Receive pass 
6月 25, 2022 4:44:20 下午 soccer.Soccer playGame
FINE: Jeff Kinney of the Falcons team -- Fouled. Free kick to attacking side.
6月 25, 2022 4:44:20 下午 soccer.Soccer playGame
FINE: Günter Grass of the Crows team -- WON possession 
6月 25, 2022 4:44:20 下午 soccer.Soccer playGame
FINE: Günter Grass of the Crows team -- Pass attempt 
6月 25, 2022 4:44:20 下午 soccer.Soccer playGame
FINE: Michel De Montaigne of the Crows team -- Receive pass 
6月 25, 2022 4:44:20 下午 soccer.Soccer playGame
FINE: Michel De Montaigne of the Crows team -- Pass attempt 
6月 25, 2022 4:44:20 下午 soccer.Soccer playGame
FINE: Hans Christian Andersen of the Crows team -- Receive pass 
6月 25, 2022 4:44:20 下午 soccer.Soccer playGame
FINE: Hans Christian Andersen of the Crows team -- Fouled. Free kick to attacking side.
6月 25, 2022 4:44:20 下午 soccer.Soccer playGame
FINE: Laura Ingalls Wilder of the Falcons team -- Saved. Kickout 
6月 25, 2022 4:44:20 下午 soccer.Soccer playGame
FINE: John Gray of the Falcons team -- Receive pass 
6月 25, 2022 4:44:20 下午 soccer.Soccer playGame
FINE: John Gray of the Falcons team -- Dribble 
6月 25, 2022 4:44:20 下午 soccer.Soccer playGame
FINE: John Gray of the Falcons team -- Pass attempt 
6月 25, 2022 4:44:20 下午 soccer.Soccer playGame
FINE: Martin Amis of the Falcons team -- Receive pass 
6月 25, 2022 4:44:20 下午 soccer.Soccer playGame
FINE: Hunter S. Thompson of the Crows team -- WON possession 
6月 25, 2022 4:44:20 下午 soccer.Soccer playGame
FINE: Hunter S. Thompson of the Crows team -- SHOOTS 
6月 25, 2022 4:44:20 下午 soccer.Soccer playGame
FINE: Hunter S. Thompson of the Crows team -- GOAL! 
6月 25, 2022 4:44:20 下午 soccer.Soccer playGame
FINE: Mark Twain of the Falcons team -- Kickoff 
6月 25, 2022 4:44:20 下午 soccer.Soccer playGame
FINE: Martin Amis of the Falcons team -- Receive pass 
6月 25, 2022 4:44:20 下午 soccer.Soccer playGame
FINE: Martin Amis of the Falcons team -- Fouled. Free kick to attacking side.
6月 25, 2022 4:44:20 下午 soccer.Soccer playGame
FINE: Mark Twain of the Falcons team -- Receive pass 
6月 25, 2022 4:44:20 下午 soccer.Soccer playGame
FINE: Mark Twain of the Falcons team -- Dribble 
6月 25, 2022 4:44:20 下午 soccer.Soccer playGame
FINE: Mark Twain of the Falcons team -- Pass attempt 
6月 25, 2022 4:44:20 下午 soccer.Soccer playGame
FINE: Beverly Cleary of the Crows team -- WON possession 
6月 25, 2022 4:44:20 下午 soccer.Soccer playGame
FINE: Jeff Kinney of the Falcons team -- WON possession 
6月 25, 2022 4:44:20 下午 soccer.Soccer playGame
FINE: Hans Christian Andersen of the Crows team -- Fouled. Free kick to defending side.
6月 25, 2022 4:44:20 下午 soccer.Soccer playGame
FINE: Michel De Montaigne of the Crows team -- Receive pass 
6月 25, 2022 4:44:20 下午 soccer.Soccer playGame
FINE: Jeff Kinney of the Falcons team -- WON possession 
6月 25, 2022 4:44:20 下午 soccer.Soccer playGame
FINE: Jeff Kinney of the Falcons team -- Pass attempt 
6月 25, 2022 4:44:20 下午 soccer.Soccer playGame
FINE: Mark Twain of the Falcons team -- Receive pass 
6月 25, 2022 4:44:20 下午 soccer.Soccer playGame
FINE: Mark Twain of the Falcons team -- SHOOTS 
6月 25, 2022 4:44:20 下午 soccer.Soccer playGame
FINE: Michel De Montaigne of the Crows team -- Saved. Kickout 
6月 25, 2022 4:44:20 下午 soccer.Soccer playGame
FINE: Günter Grass of the Crows team -- Receive pass 
6月 25, 2022 4:44:20 下午 soccer.Soccer playGame
FINE: Günter Grass of the Crows team -- Fouled. Free kick to attacking side.
6月 25, 2022 4:44:20 下午 soccer.Soccer playGame
FINE: Jeff Kinney of the Falcons team -- Saved. Kickout 
6月 25, 2022 4:44:20 下午 soccer.Soccer playGame
FINE: John Gray of the Falcons team -- Receive pass 
6月 25, 2022 4:44:20 下午 soccer.Soccer playGame
FINE: John Gray of the Falcons team -- SHOOTS 
6月 25, 2022 4:44:20 下午 soccer.Soccer playGame
FINE: Hans Christian Andersen of the Crows team -- Saved. Kickout 
6月 25, 2022 4:44:20 下午 soccer.Soccer playGame
FINE: Hunter S. Thompson of the Crows team -- Receive pass 
6月 25, 2022 4:44:20 下午 soccer.Soccer playGame
FINE: Hunter S. Thompson of the Crows team -- Dribble 
6月 25, 2022 4:44:20 下午 soccer.Soccer playGame
FINE: Hunter S. Thompson of the Crows team -- Pass attempt 
6月 25, 2022 4:44:20 下午 soccer.Soccer playGame
FINE: ****** New game ****** 
6月 25, 2022 4:44:20 下午 soccer.Soccer playGame
FINE: Kickoff 
6月 25, 2022 4:44:20 下午 soccer.Soccer playGame
FINE: Lewis Carroll of the Terns team -- Receive pass 
6月 25, 2022 4:44:20 下午 soccer.Soccer playGame
FINE: Lewis Carroll of the Terns team -- Pass attempt 
6月 25, 2022 4:44:20 下午 soccer.Soccer playGame
FINE: Rick Warren of the Geese team -- WON possession 
6月 25, 2022 4:44:20 下午 soccer.Soccer playGame
FINE: Rick Warren of the Geese team -- SHOOTS 
6月 25, 2022 4:44:20 下午 soccer.Soccer playGame
FINE: Robert Jordan of the Terns team -- Saved. Kickout 
6月 25, 2022 4:44:20 下午 soccer.Soccer playGame
FINE: William Blake of the Terns team -- Receive pass 
6月 25, 2022 4:44:20 下午 soccer.Soccer playGame
FINE: William Blake of the Terns team -- SHOOTS 
6月 25, 2022 4:44:20 下午 soccer.Soccer playGame
FINE: William Blake of the Terns team -- GOAL! 
6月 25, 2022 4:44:20 下午 soccer.Soccer playGame
FINE: Giovanni Boccaccio of the Geese team -- Kickoff 
6月 25, 2022 4:44:20 下午 soccer.Soccer playGame
FINE: Rick Warren of the Geese team -- Receive pass 
6月 25, 2022 4:44:20 下午 soccer.Soccer playGame
FINE: Rick Warren of the Geese team -- Fouled. Free kick to attacking side.
6月 25, 2022 4:44:20 下午 soccer.Soccer playGame
FINE: Rick Warren of the Geese team -- GOAL! 
6月 25, 2022 4:44:20 下午 soccer.Soccer playGame
FINE: Robert Jordan of the Terns team -- Kickoff 
6月 25, 2022 4:44:20 下午 soccer.Soccer playGame
FINE: Jo Nesbø of the Terns team -- Receive pass 
6月 25, 2022 4:44:20 下午 soccer.Soccer playGame
FINE: Jo Nesbø of the Terns team -- Fouled. Free kick to attacking side.
6月 25, 2022 4:44:20 下午 soccer.Soccer playGame
FINE: Lewis Carroll of the Terns team -- Receive pass 
6月 25, 2022 4:44:20 下午 soccer.Soccer playGame
FINE: Lewis Carroll of the Terns team -- Fouled. Free kick to attacking side.
6月 25, 2022 4:44:20 下午 soccer.Soccer playGame
FINE: Lewis Carroll of the Terns team -- GOAL! 
6月 25, 2022 4:44:20 下午 soccer.Soccer playGame
FINE: Sophocles of the Geese team -- Kickoff 
6月 25, 2022 4:44:20 下午 soccer.Soccer playGame
FINE: Germaine Greer of the Geese team -- Receive pass 
6月 25, 2022 4:44:20 下午 soccer.Soccer playGame
FINE: Germaine Greer of the Geese team -- Pass attempt 
6月 25, 2022 4:44:20 下午 soccer.Soccer playGame
FINE: Herman Melville of the Terns team -- WON possession 
6月 25, 2022 4:44:20 下午 soccer.Soccer playGame
FINE: Rick Warren of the Geese team -- Fouled. Free kick to defending side.
6月 25, 2022 4:44:20 下午 soccer.Soccer playGame
FINE: Giovanni Boccaccio of the Geese team -- Receive pass 
6月 25, 2022 4:44:20 下午 soccer.Soccer playGame
FINE: Giovanni Boccaccio of the Geese team -- Pass attempt 
6月 25, 2022 4:44:20 下午 soccer.Soccer playGame
FINE: Michael Crichton of the Geese team -- Receive pass 
6月 25, 2022 4:44:20 下午 soccer.Soccer playGame
FINE: Jo Nesbø of the Terns team -- WON possession 
6月 25, 2022 4:44:20 下午 soccer.Soccer playGame
FINE: Giovanni Boccaccio of the Geese team -- Fouled. Free kick to defending side.
6月 25, 2022 4:44:20 下午 soccer.Soccer playGame
FINE: Herman Melville of the Terns team -- WON possession 
6月 25, 2022 4:44:20 下午 soccer.Soccer playGame
FINE: Herman Melville of the Terns team -- SHOOTS 
6月 25, 2022 4:44:20 下午 soccer.Soccer playGame
FINE: Rick Warren of the Geese team -- Saved. Kickout 
6月 25, 2022 4:44:20 下午 soccer.Soccer playGame
FINE: Germaine Greer of the Geese team -- Receive pass 
6月 25, 2022 4:44:20 下午 soccer.Soccer playGame
FINE: Germaine Greer of the Geese team -- Dribble 
6月 25, 2022 4:44:20 下午 soccer.Soccer playGame
FINE: Germaine Greer of the Geese team -- SHOOTS 
6月 25, 2022 4:44:20 下午 soccer.Soccer playGame
FINE: Jo Nesbø of the Terns team -- Saved. Kickout 
6月 25, 2022 4:44:20 下午 soccer.Soccer playGame
FINE: Herman Melville of the Terns team -- Receive pass 
6月 25, 2022 4:44:20 下午 soccer.Soccer playGame
FINE: Herman Melville of the Terns team -- SHOOTS 
6月 25, 2022 4:44:20 下午 soccer.Soccer playGame
FINE: Germaine Greer of the Geese team -- Saved. Kickout 
6月 25, 2022 4:44:20 下午 soccer.Soccer playGame
FINE: Michael Crichton of the Geese team -- Receive pass 
6月 25, 2022 4:44:20 下午 soccer.Soccer playGame
FINE: Michael Crichton of the Geese team -- Pass attempt 
6月 25, 2022 4:44:20 下午 soccer.Soccer playGame
FINE: Robert Jordan of the Terns team -- WON possession 
6月 25, 2022 4:44:20 下午 soccer.Soccer playGame
FINE: Robert Jordan of the Terns team -- Dribble 
6月 25, 2022 4:44:20 下午 soccer.Soccer playGame
FINE: Robert Jordan of the Terns team -- Pass attempt 
6月 25, 2022 4:44:20 下午 soccer.Soccer playGame
FINE: William Blake of the Terns team -- Receive pass 
6月 25, 2022 4:44:20 下午 soccer.Soccer playGame
FINE: William Blake of the Terns team -- Fouled. Free kick to attacking side.
6月 25, 2022 4:44:20 下午 soccer.Soccer playGame
FINE: Herman Melville of the Terns team -- Receive pass 
6月 25, 2022 4:44:20 下午 soccer.Soccer playGame
FINE: Herman Melville of the Terns team -- Fouled. Free kick to attacking side.
6月 25, 2022 4:44:20 下午 soccer.Soccer playGame
FINE: Rick Warren of the Geese team -- WON possession 
6月 25, 2022 4:44:20 下午 soccer.Soccer playGame
FINE: Rick Warren of the Geese team -- Dribble 
6月 25, 2022 4:44:20 下午 soccer.Soccer playGame
FINE: Rick Warren of the Geese team -- Pass attempt 
6月 25, 2022 4:44:20 下午 soccer.Soccer playGame
FINE: Germaine Greer of the Geese team -- Receive pass 
6月 25, 2022 4:44:20 下午 soccer.Soccer playGame
FINE: Germaine Greer of the Geese team -- Fouled. Free kick to attacking side.
6月 25, 2022 4:44:20 下午 soccer.Soccer playGame
FINE: Germaine Greer of the Geese team -- GOAL! 
6月 25, 2022 4:44:20 下午 soccer.Soccer playGame
FINE: Jo Nesbø of the Terns team -- Kickoff 
6月 25, 2022 4:44:20 下午 soccer.Soccer playGame
FINE: Sophocles of the Geese team -- WON possession 
6月 25, 2022 4:44:20 下午 soccer.Soccer playGame
FINE: Sophocles of the Geese team -- SHOOTS 
6月 25, 2022 4:44:20 下午 soccer.Soccer playGame
FINE: Robert Jordan of the Terns team -- Saved. Kickout 
6月 25, 2022 4:44:20 下午 soccer.Soccer playGame
FINE: William Blake of the Terns team -- Receive pass 
6月 25, 2022 4:44:20 下午 soccer.Soccer playGame
FINE: William Blake of the Terns team -- Dribble 
6月 25, 2022 4:44:20 下午 soccer.Soccer playGame
FINE: William Blake of the Terns team -- Pass attempt 
6月 25, 2022 4:44:20 下午 soccer.Soccer playGame
FINE: Lewis Carroll of the Terns team -- Receive pass 
6月 25, 2022 4:44:20 下午 soccer.Soccer playGame
FINE: Lewis Carroll of the Terns team -- Fouled. Free kick to attacking side.
6月 25, 2022 4:44:20 下午 soccer.Soccer playGame
FINE: Lewis Carroll of the Terns team -- GOAL! 
6月 25, 2022 4:44:20 下午 soccer.Soccer playGame
FINE: Giovanni Boccaccio of the Geese team -- Kickoff 
6月 25, 2022 4:44:20 下午 soccer.Soccer playGame
FINE: Michael Crichton of the Geese team -- Receive pass 
6月 25, 2022 4:44:20 下午 soccer.Soccer playGame
FINE: Michael Crichton of the Geese team -- Fouled. Free kick to attacking side.
6月 25, 2022 4:44:20 下午 soccer.Soccer playGame
FINE: Herman Melville of the Terns team -- Saved. Kickout 
6月 25, 2022 4:44:20 下午 soccer.Soccer playGame
FINE: William Blake of the Terns team -- Receive pass 
6月 25, 2022 4:44:20 下午 soccer.Soccer playGame
FINE: Germaine Greer of the Geese team -- WON possession 
6月 25, 2022 4:44:20 下午 soccer.Soccer playGame
FINE: Lewis Carroll of the Terns team -- WON possession 
6月 25, 2022 4:44:20 下午 soccer.Soccer playGame
FINE: Lewis Carroll of the Terns team -- SHOOTS 
6月 25, 2022 4:44:20 下午 soccer.Soccer playGame
FINE: Michael Crichton of the Geese team -- Saved. Kickout 
6月 25, 2022 4:44:20 下午 soccer.Soccer playGame
FINE: Sophocles of the Geese team -- Receive pass 
6月 25, 2022 4:44:20 下午 soccer.Soccer playGame
FINE: Sophocles of the Geese team -- Pass attempt 
6月 25, 2022 4:44:20 下午 soccer.Soccer playGame
FINE: Michael Crichton of the Geese team -- Receive pass 
6月 25, 2022 4:44:20 下午 soccer.Soccer playGame
FINE: ****** New game ****** 
6月 25, 2022 4:44:20 下午 soccer.Soccer playGame
FINE: Kickoff 
6月 25, 2022 4:44:20 下午 soccer.Soccer playGame
FINE: John Irving of the Magpies team -- Receive pass 
6月 25, 2022 4:44:20 下午 soccer.Soccer playGame
FINE: John Irving of the Magpies team -- Fouled. Free kick to attacking side.
6月 25, 2022 4:44:20 下午 soccer.Soccer playGame
FINE: Lee Child of the Pelicans team -- Saved. Kickout 
6月 25, 2022 4:44:20 下午 soccer.Soccer playGame
FINE: Rumi of the Pelicans team -- Receive pass 
6月 25, 2022 4:44:20 下午 soccer.Soccer playGame
FINE: Rumi of the Pelicans team -- Fouled. Free kick to attacking side.
6月 25, 2022 4:44:20 下午 soccer.Soccer playGame
FINE: Stephen Hawking of the Magpies team -- Saved. Kickout 
6月 25, 2022 4:44:20 下午 soccer.Soccer playGame
FINE: John Irving of the Magpies team -- Receive pass 
6月 25, 2022 4:44:20 下午 soccer.Soccer playGame
FINE: John Irving of the Magpies team -- Pass attempt 
6月 25, 2022 4:44:20 下午 soccer.Soccer playGame
FINE: Dale Carnegie of the Magpies team -- Receive pass 
6月 25, 2022 4:44:20 下午 soccer.Soccer playGame
FINE: Dale Carnegie of the Magpies team -- Fouled. Free kick to attacking side.
6月 25, 2022 4:44:20 下午 soccer.Soccer playGame
FINE: Marguerite Yourcenar of the Magpies team -- Receive pass 
6月 25, 2022 4:44:20 下午 soccer.Soccer playGame
FINE: Marguerite Yourcenar of the Magpies team -- Dribble 
6月 25, 2022 4:44:20 下午 soccer.Soccer playGame
FINE: Marguerite Yourcenar of the Magpies team -- SHOOTS 
6月 25, 2022 4:44:20 下午 soccer.Soccer playGame
FINE: Marguerite Yourcenar of the Magpies team -- GOAL! 
6月 25, 2022 4:44:20 下午 soccer.Soccer playGame
FINE: Dan Brown of the Pelicans team -- Kickoff 
6月 25, 2022 4:44:20 下午 soccer.Soccer playGame
FINE: Lee Child of the Pelicans team -- Receive pass 
6月 25, 2022 4:44:20 下午 soccer.Soccer playGame
FINE: Lee Child of the Pelicans team -- Pass attempt 
6月 25, 2022 4:44:20 下午 soccer.Soccer playGame
FINE: Rumi of the Pelicans team -- Receive pass 
6月 25, 2022 4:44:20 下午 soccer.Soccer playGame
FINE: Rumi of the Pelicans team -- Dribble 
6月 25, 2022 4:44:20 下午 soccer.Soccer playGame
FINE: Rumi of the Pelicans team -- SHOOTS 
6月 25, 2022 4:44:20 下午 soccer.Soccer playGame
FINE: John Irving of the Magpies team -- Saved. Kickout 
6月 25, 2022 4:44:20 下午 soccer.Soccer playGame
FINE: Marguerite Yourcenar of the Magpies team -- Receive pass 
6月 25, 2022 4:44:20 下午 soccer.Soccer playGame
FINE: Marguerite Yourcenar of the Magpies team -- Dribble 
6月 25, 2022 4:44:20 下午 soccer.Soccer playGame
FINE: Marguerite Yourcenar of the Magpies team -- Pass attempt 
6月 25, 2022 4:44:20 下午 soccer.Soccer playGame
FINE: J. R. R. Tolkien of the Magpies team -- Receive pass 
6月 25, 2022 4:44:20 下午 soccer.Soccer playGame
FINE: J. R. R. Tolkien of the Magpies team -- Dribble 
6月 25, 2022 4:44:20 下午 soccer.Soccer playGame
FINE: J. R. R. Tolkien of the Magpies team -- SHOOTS 
6月 25, 2022 4:44:20 下午 soccer.Soccer playGame
FINE: Giacomo Leopardi of the Pelicans team -- Saved. Kickout 
6月 25, 2022 4:44:20 下午 soccer.Soccer playGame
FINE: Roger Hargreaves of the Pelicans team -- Receive pass 
6月 25, 2022 4:44:20 下午 soccer.Soccer playGame
FINE: Roger Hargreaves of the Pelicans team -- Dribble 
6月 25, 2022 4:44:20 下午 soccer.Soccer playGame
FINE: J. R. R. Tolkien of the Magpies team -- WON possession 
6月 25, 2022 4:44:20 下午 soccer.Soccer playGame
FINE: Dan Brown of the Pelicans team -- Fouled. Free kick to defending side.
6月 25, 2022 4:44:20 下午 soccer.Soccer playGame
FINE: Roger Hargreaves of the Pelicans team -- Receive pass 
6月 25, 2022 4:44:20 下午 soccer.Soccer playGame
FINE: Roger Hargreaves of the Pelicans team -- Dribble 
6月 25, 2022 4:44:20 下午 soccer.Soccer playGame
FINE: Roger Hargreaves of the Pelicans team -- SHOOTS 
6月 25, 2022 4:44:20 下午 soccer.Soccer playGame
FINE: Roger Hargreaves of the Pelicans team -- GOAL! 
6月 25, 2022 4:44:20 下午 soccer.Soccer playGame
FINE: John Irving of the Magpies team -- Kickoff 
6月 25, 2022 4:44:20 下午 soccer.Soccer playGame
FINE: Stephen Hawking of the Magpies team -- Receive pass 
6月 25, 2022 4:44:20 下午 soccer.Soccer playGame
FINE: Stephen Hawking of the Magpies team -- Dribble 
6月 25, 2022 4:44:20 下午 soccer.Soccer playGame
FINE: Roger Hargreaves of the Pelicans team -- WON possession 
6月 25, 2022 4:44:20 下午 soccer.Soccer playGame
FINE: Roger Hargreaves of the Pelicans team -- Pass attempt 
6月 25, 2022 4:44:20 下午 soccer.Soccer playGame
FINE: Dan Brown of the Pelicans team -- Receive pass 
6月 25, 2022 4:44:20 下午 soccer.Soccer playGame
FINE: Dan Brown of the Pelicans team -- Dribble 
6月 25, 2022 4:44:20 下午 soccer.Soccer playGame
FINE: Dan Brown of the Pelicans team -- Fouled. Free kick to attacking side.
6月 25, 2022 4:44:20 下午 soccer.Soccer playGame
FINE: Roger Hargreaves of the Pelicans team -- Receive pass 
6月 25, 2022 4:44:20 下午 soccer.Soccer playGame
FINE: Roger Hargreaves of the Pelicans team -- Fouled. Free kick to attacking side.
6月 25, 2022 4:44:20 下午 soccer.Soccer playGame
FINE: John Irving of the Magpies team -- Saved. Kickout 
6月 25, 2022 4:44:20 下午 soccer.Soccer playGame
FINE: Marguerite Yourcenar of the Magpies team -- Receive pass 
6月 25, 2022 4:44:20 下午 soccer.Soccer playGame
FINE: Marguerite Yourcenar of the Magpies team -- Fouled. Free kick to attacking side.
6月 25, 2022 4:44:20 下午 soccer.Soccer playGame
FINE: Giacomo Leopardi of the Pelicans team -- Saved. Kickout 
6月 25, 2022 4:44:20 下午 soccer.Soccer playGame
FINE: Rumi of the Pelicans team -- Receive pass 
6月 25, 2022 4:44:20 下午 soccer.Soccer playGame
FINE: Rumi of the Pelicans team -- Dribble 
6月 25, 2022 4:44:20 下午 soccer.Soccer playGame
FINE: Rumi of the Pelicans team -- Fouled. Free kick to attacking side.
6月 25, 2022 4:44:20 下午 soccer.Soccer playGame
FINE: Dan Brown of the Pelicans team -- Receive pass 
6月 25, 2022 4:44:20 下午 soccer.Soccer playGame
FINE: J. R. R. Tolkien of the Magpies team -- WON possession 
6月 25, 2022 4:44:20 下午 soccer.Soccer playGame
FINE: J. R. R. Tolkien of the Magpies team -- SHOOTS 
6月 25, 2022 4:44:20 下午 soccer.Soccer playGame
FINE: J. R. R. Tolkien of the Magpies team -- GOAL! 
6月 25, 2022 4:44:20 下午 soccer.Soccer playGame
FINE: Rumi of the Pelicans team -- Kickoff 
6月 25, 2022 4:44:20 下午 soccer.Soccer playGame
FINE: Roger Hargreaves of the Pelicans team -- Receive pass 
6月 25, 2022 4:44:20 下午 soccer.Soccer playGame
FINE: Roger Hargreaves of the Pelicans team -- SHOOTS 
6月 25, 2022 4:44:20 下午 soccer.Soccer playGame
FINE: J. R. R. Tolkien of the Magpies team -- Saved. Kickout 
6月 25, 2022 4:44:20 下午 soccer.Soccer playGame
FINE: Marguerite Yourcenar of the Magpies team -- Receive pass 
6月 25, 2022 4:44:20 下午 soccer.Soccer playGame
FINE: Lee Child of the Pelicans team -- WON possession 
6月 25, 2022 4:44:20 下午 soccer.Soccer playGame
FINE: John Irving of the Magpies team -- Fouled. Free kick to defending side.
6月 25, 2022 4:44:20 下午 soccer.Soccer playGame
FINE: Marguerite Yourcenar of the Magpies team -- Receive pass 
6月 25, 2022 4:44:20 下午 soccer.Soccer playGame
FINE: Marguerite Yourcenar of the Magpies team -- Pass attempt 
6月 25, 2022 4:44:20 下午 soccer.Soccer playGame
FINE: Stephen Hawking of the Magpies team -- Receive pass 
6月 25, 2022 4:44:20 下午 soccer.Soccer playGame
FINE: Stephen Hawking of the Magpies team -- Fouled. Free kick to attacking side.
6月 25, 2022 4:44:20 下午 soccer.Soccer playGame
FINE: Stephen Hawking of the Magpies team -- GOAL! 
6月 25, 2022 4:44:20 下午 soccer.Soccer playGame
FINE: Giacomo Leopardi of the Pelicans team -- Kickoff 
6月 25, 2022 4:44:20 下午 soccer.Soccer playGame
FINE: Dan Brown of the Pelicans team -- Receive pass 
6月 25, 2022 4:44:20 下午 soccer.Soccer playGame
FINE: Dan Brown of the Pelicans team -- Dribble 
6月 25, 2022 4:44:20 下午 soccer.Soccer playGame
FINE: Dan Brown of the Pelicans team -- SHOOTS 
6月 25, 2022 4:44:20 下午 soccer.Soccer playGame
FINE: Dan Brown of the Pelicans team -- GOAL! 
6月 25, 2022 4:44:20 下午 soccer.Soccer playGame
FINE: J. R. R. Tolkien of the Magpies team -- Kickoff 
6月 25, 2022 4:44:20 下午 soccer.Soccer playGame
FINE: ****** New game ****** 
6月 25, 2022 4:44:20 下午 soccer.Soccer playGame
FINE: Kickoff 
6月 25, 2022 4:44:20 下午 soccer.Soccer playGame
FINE: Herman Melville of the Terns team -- Receive pass 
6月 25, 2022 4:44:20 下午 soccer.Soccer playGame
FINE: Herman Melville of the Terns team -- Pass attempt 
6月 25, 2022 4:44:20 下午 soccer.Soccer playGame
FINE: William Blake of the Terns team -- Receive pass 
6月 25, 2022 4:44:20 下午 soccer.Soccer playGame
FINE: William Blake of the Terns team -- Fouled. Free kick to attacking side.
6月 25, 2022 4:44:20 下午 soccer.Soccer playGame
FINE: Lewis Carroll of the Terns team -- Receive pass 
6月 25, 2022 4:44:20 下午 soccer.Soccer playGame
FINE: Lewis Carroll of the Terns team -- Dribble 
6月 25, 2022 4:44:20 下午 soccer.Soccer playGame
FINE: Lewis Carroll of the Terns team -- SHOOTS 
6月 25, 2022 4:44:20 下午 soccer.Soccer playGame
FINE: Lewis Carroll of the Terns team -- GOAL! 
6月 25, 2022 4:44:20 下午 soccer.Soccer playGame
FINE: Günter Grass of the Crows team -- Kickoff 
6月 25, 2022 4:44:20 下午 soccer.Soccer playGame
FINE: Michel De Montaigne of the Crows team -- Receive pass 
6月 25, 2022 4:44:20 下午 soccer.Soccer playGame
FINE: Michel De Montaigne of the Crows team -- SHOOTS 
6月 25, 2022 4:44:20 下午 soccer.Soccer playGame
FINE: Herman Melville of the Terns team -- Saved. Kickout 
6月 25, 2022 4:44:20 下午 soccer.Soccer playGame
FINE: Robert Jordan of the Terns team -- Receive pass 
6月 25, 2022 4:44:20 下午 soccer.Soccer playGame
FINE: Robert Jordan of the Terns team -- Fouled. Free kick to attacking side.
6月 25, 2022 4:44:20 下午 soccer.Soccer playGame
FINE: Beverly Cleary of the Crows team -- Saved. Kickout 
6月 25, 2022 4:44:20 下午 soccer.Soccer playGame
FINE: Hunter S. Thompson of the Crows team -- Receive pass 
6月 25, 2022 4:44:20 下午 soccer.Soccer playGame
FINE: William Blake of the Terns team -- WON possession 
6月 25, 2022 4:44:20 下午 soccer.Soccer playGame
FINE: William Blake of the Terns team -- Dribble 
6月 25, 2022 4:44:20 下午 soccer.Soccer playGame
FINE: William Blake of the Terns team -- Pass attempt 
6月 25, 2022 4:44:20 下午 soccer.Soccer playGame
FINE: Lewis Carroll of the Terns team -- Receive pass 
6月 25, 2022 4:44:20 下午 soccer.Soccer playGame
FINE: Lewis Carroll of the Terns team -- Dribble 
6月 25, 2022 4:44:20 下午 soccer.Soccer playGame
FINE: Lewis Carroll of the Terns team -- Pass attempt 
6月 25, 2022 4:44:20 下午 soccer.Soccer playGame
FINE: Jo Nesbø of the Terns team -- Receive pass 
6月 25, 2022 4:44:20 下午 soccer.Soccer playGame
FINE: Jo Nesbø of the Terns team -- SHOOTS 
6月 25, 2022 4:44:20 下午 soccer.Soccer playGame
FINE: Jo Nesbø of the Terns team -- GOAL! 
6月 25, 2022 4:44:20 下午 soccer.Soccer playGame
FINE: Hunter S. Thompson of the Crows team -- Kickoff 
6月 25, 2022 4:44:20 下午 soccer.Soccer playGame
FINE: Michel De Montaigne of the Crows team -- Receive pass 
6月 25, 2022 4:44:20 下午 soccer.Soccer playGame
FINE: Michel De Montaigne of the Crows team -- SHOOTS 
6月 25, 2022 4:44:20 下午 soccer.Soccer playGame
FINE: Michel De Montaigne of the Crows team -- GOAL! 
6月 25, 2022 4:44:20 下午 soccer.Soccer playGame
FINE: Lewis Carroll of the Terns team -- Kickoff 
6月 25, 2022 4:44:20 下午 soccer.Soccer playGame
FINE: Herman Melville of the Terns team -- Receive pass 
6月 25, 2022 4:44:20 下午 soccer.Soccer playGame
FINE: Herman Melville of the Terns team -- Fouled. Free kick to attacking side.
6月 25, 2022 4:44:20 下午 soccer.Soccer playGame
FINE: Herman Melville of the Terns team -- GOAL! 
6月 25, 2022 4:44:20 下午 soccer.Soccer playGame
FINE: Beverly Cleary of the Crows team -- Kickoff 
6月 25, 2022 4:44:20 下午 soccer.Soccer playGame
FINE: Michel De Montaigne of the Crows team -- Receive pass 
6月 25, 2022 4:44:20 下午 soccer.Soccer playGame
FINE: Michel De Montaigne of the Crows team -- Dribble 
6月 25, 2022 4:44:20 下午 soccer.Soccer playGame
FINE: Michel De Montaigne of the Crows team -- SHOOTS 
6月 25, 2022 4:44:20 下午 soccer.Soccer playGame
FINE: Lewis Carroll of the Terns team -- Saved. Kickout 
6月 25, 2022 4:44:20 下午 soccer.Soccer playGame
FINE: Robert Jordan of the Terns team -- Receive pass 
6月 25, 2022 4:44:20 下午 soccer.Soccer playGame
FINE: Robert Jordan of the Terns team -- Fouled. Free kick to attacking side.
6月 25, 2022 4:44:20 下午 soccer.Soccer playGame
FINE: Robert Jordan of the Terns team -- GOAL! 
6月 25, 2022 4:44:20 下午 soccer.Soccer playGame
FINE: Michel De Montaigne of the Crows team -- Kickoff 
6月 25, 2022 4:44:20 下午 soccer.Soccer playGame
FINE: Günter Grass of the Crows team -- Receive pass 
6月 25, 2022 4:44:20 下午 soccer.Soccer playGame
FINE: Günter Grass of the Crows team -- SHOOTS 
6月 25, 2022 4:44:20 下午 soccer.Soccer playGame
FINE: Jo Nesbø of the Terns team -- Saved. Kickout 
6月 25, 2022 4:44:20 下午 soccer.Soccer playGame
FINE: Herman Melville of the Terns team -- Receive pass 
6月 25, 2022 4:44:20 下午 soccer.Soccer playGame
FINE: Herman Melville of the Terns team -- Dribble 
6月 25, 2022 4:44:20 下午 soccer.Soccer playGame
FINE: Herman Melville of the Terns team -- Fouled. Free kick to attacking side.
6月 25, 2022 4:44:20 下午 soccer.Soccer playGame
FINE: Herman Melville of the Terns team -- GOAL! 
6月 25, 2022 4:44:20 下午 soccer.Soccer playGame
FINE: Hans Christian Andersen of the Crows team -- Kickoff 
6月 25, 2022 4:44:20 下午 soccer.Soccer playGame
FINE: Günter Grass of the Crows team -- Receive pass 
6月 25, 2022 4:44:20 下午 soccer.Soccer playGame
FINE: Günter Grass of the Crows team -- SHOOTS 
6月 25, 2022 4:44:20 下午 soccer.Soccer playGame
FINE: Günter Grass of the Crows team -- GOAL! 
6月 25, 2022 4:44:20 下午 soccer.Soccer playGame
FINE: Herman Melville of the Terns team -- Kickoff 
6月 25, 2022 4:44:20 下午 soccer.Soccer playGame
FINE: Robert Jordan of the Terns team -- Receive pass 
6月 25, 2022 4:44:20 下午 soccer.Soccer playGame
FINE: Robert Jordan of the Terns team -- Pass attempt 
6月 25, 2022 4:44:20 下午 soccer.Soccer playGame
FINE: William Blake of the Terns team -- Receive pass 
6月 25, 2022 4:44:20 下午 soccer.Soccer playGame
FINE: William Blake of the Terns team -- Pass attempt 
6月 25, 2022 4:44:20 下午 soccer.Soccer playGame
FINE: Hunter S. Thompson of the Crows team -- WON possession 
6月 25, 2022 4:44:20 下午 soccer.Soccer playGame
FINE: Hunter S. Thompson of the Crows team -- Pass attempt 
6月 25, 2022 4:44:20 下午 soccer.Soccer playGame
FINE: Günter Grass of the Crows team -- Receive pass 
6月 25, 2022 4:44:20 下午 soccer.Soccer playGame
FINE: Herman Melville of the Terns team -- WON possession 
6月 25, 2022 4:44:20 下午 soccer.Soccer playGame
FINE: Herman Melville of the Terns team -- Dribble 
6月 25, 2022 4:44:20 下午 soccer.Soccer playGame
FINE: Herman Melville of the Terns team -- Pass attempt 
6月 25, 2022 4:44:20 下午 soccer.Soccer playGame
FINE: Robert Jordan of the Terns team -- Receive pass 
6月 25, 2022 4:44:20 下午 soccer.Soccer playGame
FINE: Robert Jordan of the Terns team -- SHOOTS 
6月 25, 2022 4:44:20 下午 soccer.Soccer playGame
FINE: Michel De Montaigne of the Crows team -- Saved. Kickout 
6月 25, 2022 4:44:20 下午 soccer.Soccer playGame
FINE: Hans Christian Andersen of the Crows team -- Receive pass 
6月 25, 2022 4:44:20 下午 soccer.Soccer playGame
FINE: Hans Christian Andersen of the Crows team -- SHOOTS 
6月 25, 2022 4:44:20 下午 soccer.Soccer playGame
FINE: Herman Melville of the Terns team -- Saved. Kickout 
6月 25, 2022 4:44:20 下午 soccer.Soccer playGame
FINE: Lewis Carroll of the Terns team -- Receive pass 
6月 25, 2022 4:44:20 下午 soccer.Soccer playGame
FINE: Lewis Carroll of the Terns team -- SHOOTS 
6月 25, 2022 4:44:20 下午 soccer.Soccer playGame
FINE: Beverly Cleary of the Crows team -- Saved. Kickout 
6月 25, 2022 4:44:20 下午 soccer.Soccer playGame
FINE: Hans Christian Andersen of the Crows team -- Receive pass 
6月 25, 2022 4:44:20 下午 soccer.Soccer playGame
FINE: Hans Christian Andersen of the Crows team -- Dribble 
6月 25, 2022 4:44:20 下午 soccer.Soccer playGame
FINE: ****** New game ****** 
6月 25, 2022 4:44:20 下午 soccer.Soccer playGame
FINE: Kickoff 
6月 25, 2022 4:44:20 下午 soccer.Soccer playGame
FINE: Stephen Hawking of the Magpies team -- Receive pass 
6月 25, 2022 4:44:20 下午 soccer.Soccer playGame
FINE: Stephen Hawking of the Magpies team -- Dribble 
6月 25, 2022 4:44:20 下午 soccer.Soccer playGame
FINE: Stephen Hawking of the Magpies team -- Pass attempt 
6月 25, 2022 4:44:20 下午 soccer.Soccer playGame
FINE: Dale Carnegie of the Magpies team -- Receive pass 
6月 25, 2022 4:44:20 下午 soccer.Soccer playGame
FINE: Dale Carnegie of the Magpies team -- SHOOTS 
6月 25, 2022 4:44:20 下午 soccer.Soccer playGame
FINE: Herman Melville of the Terns team -- Saved. Kickout 
6月 25, 2022 4:44:20 下午 soccer.Soccer playGame
FINE: Jo Nesbø of the Terns team -- Receive pass 
6月 25, 2022 4:44:20 下午 soccer.Soccer playGame
FINE: Jo Nesbø of the Terns team -- SHOOTS 
6月 25, 2022 4:44:20 下午 soccer.Soccer playGame
FINE: John Irving of the Magpies team -- Saved. Kickout 
6月 25, 2022 4:44:20 下午 soccer.Soccer playGame
FINE: Dale Carnegie of the Magpies team -- Receive pass 
6月 25, 2022 4:44:20 下午 soccer.Soccer playGame
FINE: Dale Carnegie of the Magpies team -- SHOOTS 
6月 25, 2022 4:44:20 下午 soccer.Soccer playGame
FINE: Robert Jordan of the Terns team -- Saved. Kickout 
6月 25, 2022 4:44:20 下午 soccer.Soccer playGame
FINE: William Blake of the Terns team -- Receive pass 
6月 25, 2022 4:44:20 下午 soccer.Soccer playGame
FINE: Marguerite Yourcenar of the Magpies team -- WON possession 
6月 25, 2022 4:44:20 下午 soccer.Soccer playGame
FINE: Marguerite Yourcenar of the Magpies team -- Dribble 
6月 25, 2022 4:44:20 下午 soccer.Soccer playGame
FINE: Marguerite Yourcenar of the Magpies team -- Fouled. Free kick to attacking side.
6月 25, 2022 4:44:20 下午 soccer.Soccer playGame
FINE: Marguerite Yourcenar of the Magpies team -- GOAL! 
6月 25, 2022 4:44:20 下午 soccer.Soccer playGame
FINE: Robert Jordan of the Terns team -- Kickoff 
6月 25, 2022 4:44:20 下午 soccer.Soccer playGame
FINE: Lewis Carroll of the Terns team -- Receive pass 
6月 25, 2022 4:44:20 下午 soccer.Soccer playGame
FINE: Lewis Carroll of the Terns team -- Dribble 
6月 25, 2022 4:44:20 下午 soccer.Soccer playGame
FINE: Lewis Carroll of the Terns team -- Pass attempt 
6月 25, 2022 4:44:20 下午 soccer.Soccer playGame
FINE: William Blake of the Terns team -- Receive pass 
6月 25, 2022 4:44:20 下午 soccer.Soccer playGame
FINE: William Blake of the Terns team -- Fouled. Free kick to attacking side.
6月 25, 2022 4:44:20 下午 soccer.Soccer playGame
FINE: Stephen Hawking of the Magpies team -- Saved. Kickout 
6月 25, 2022 4:44:20 下午 soccer.Soccer playGame
FINE: J. R. R. Tolkien of the Magpies team -- Receive pass 
6月 25, 2022 4:44:20 下午 soccer.Soccer playGame
FINE: J. R. R. Tolkien of the Magpies team -- Fouled. Free kick to attacking side.
6月 25, 2022 4:44:20 下午 soccer.Soccer playGame
FINE: John Irving of the Magpies team -- Receive pass 
6月 25, 2022 4:44:20 下午 soccer.Soccer playGame
FINE: John Irving of the Magpies team -- SHOOTS 
6月 25, 2022 4:44:20 下午 soccer.Soccer playGame
FINE: Lewis Carroll of the Terns team -- Saved. Kickout 
6月 25, 2022 4:44:20 下午 soccer.Soccer playGame
FINE: Jo Nesbø of the Terns team -- Receive pass 
6月 25, 2022 4:44:20 下午 soccer.Soccer playGame
FINE: Jo Nesbø of the Terns team -- Fouled. Free kick to attacking side.
6月 25, 2022 4:44:20 下午 soccer.Soccer playGame
FINE: Robert Jordan of the Terns team -- Receive pass 
6月 25, 2022 4:44:20 下午 soccer.Soccer playGame
FINE: Robert Jordan of the Terns team -- SHOOTS 
6月 25, 2022 4:44:20 下午 soccer.Soccer playGame
FINE: Marguerite Yourcenar of the Magpies team -- Saved. Kickout 
6月 25, 2022 4:44:20 下午 soccer.Soccer playGame
FINE: Stephen Hawking of the Magpies team -- Receive pass 
6月 25, 2022 4:44:20 下午 soccer.Soccer playGame
FINE: Stephen Hawking of the Magpies team -- Dribble 
6月 25, 2022 4:44:20 下午 soccer.Soccer playGame
FINE: William Blake of the Terns team -- WON possession 
6月 25, 2022 4:44:20 下午 soccer.Soccer playGame
FINE: William Blake of the Terns team -- SHOOTS 
6月 25, 2022 4:44:20 下午 soccer.Soccer playGame
FINE: Stephen Hawking of the Magpies team -- Saved. Kickout 
6月 25, 2022 4:44:20 下午 soccer.Soccer playGame
FINE: Dale Carnegie of the Magpies team -- Receive pass 
6月 25, 2022 4:44:20 下午 soccer.Soccer playGame
FINE: Dale Carnegie of the Magpies team -- Fouled. Free kick to attacking side.
6月 25, 2022 4:44:20 下午 soccer.Soccer playGame
FINE: Dale Carnegie of the Magpies team -- GOAL! 
6月 25, 2022 4:44:20 下午 soccer.Soccer playGame
FINE: Robert Jordan of the Terns team -- Kickoff 
6月 25, 2022 4:44:20 下午 soccer.Soccer playGame
FINE: Herman Melville of the Terns team -- Receive pass 
6月 25, 2022 4:44:20 下午 soccer.Soccer playGame
FINE: Herman Melville of the Terns team -- SHOOTS 
6月 25, 2022 4:44:20 下午 soccer.Soccer playGame
FINE: John Irving of the Magpies team -- Saved. Kickout 
6月 25, 2022 4:44:20 下午 soccer.Soccer playGame
FINE: J. R. R. Tolkien of the Magpies team -- Receive pass 
6月 25, 2022 4:44:20 下午 soccer.Soccer playGame
FINE: J. R. R. Tolkien of the Magpies team -- Pass attempt 
6月 25, 2022 4:44:20 下午 soccer.Soccer playGame
FINE: Stephen Hawking of the Magpies team -- Receive pass 
6月 25, 2022 4:44:20 下午 soccer.Soccer playGame
FINE: Stephen Hawking of the Magpies team -- Pass attempt 
6月 25, 2022 4:44:20 下午 soccer.Soccer playGame
FINE: J. R. R. Tolkien of the Magpies team -- Receive pass 
6月 25, 2022 4:44:20 下午 soccer.Soccer playGame
FINE: J. R. R. Tolkien of the Magpies team -- Pass attempt 
6月 25, 2022 4:44:20 下午 soccer.Soccer playGame
FINE: Marguerite Yourcenar of the Magpies team -- Receive pass 
6月 25, 2022 4:44:20 下午 soccer.Soccer playGame
FINE: Marguerite Yourcenar of the Magpies team -- SHOOTS 
6月 25, 2022 4:44:20 下午 soccer.Soccer playGame
FINE: William Blake of the Terns team -- Saved. Kickout 
6月 25, 2022 4:44:20 下午 soccer.Soccer playGame
FINE: Robert Jordan of the Terns team -- Receive pass 
6月 25, 2022 4:44:20 下午 soccer.Soccer playGame
FINE: Dale Carnegie of the Magpies team -- WON possession 
6月 25, 2022 4:44:20 下午 soccer.Soccer playGame
FINE: Dale Carnegie of the Magpies team -- SHOOTS 
6月 25, 2022 4:44:20 下午 soccer.Soccer playGame
FINE: Herman Melville of the Terns team -- Saved. Kickout 
6月 25, 2022 4:44:20 下午 soccer.Soccer playGame
FINE: Jo Nesbø of the Terns team -- Receive pass 
6月 25, 2022 4:44:20 下午 soccer.Soccer playGame
FINE: Jo Nesbø of the Terns team -- SHOOTS 
6月 25, 2022 4:44:20 下午 soccer.Soccer playGame
FINE: Marguerite Yourcenar of the Magpies team -- Saved. Kickout 
6月 25, 2022 4:44:20 下午 soccer.Soccer playGame
FINE: John Irving of the Magpies team -- Receive pass 
6月 25, 2022 4:44:20 下午 soccer.Soccer playGame
FINE: John Irving of the Magpies team -- SHOOTS 
6月 25, 2022 4:44:20 下午 soccer.Soccer playGame
FINE: Herman Melville of the Terns team -- Saved. Kickout 
6月 25, 2022 4:44:20 下午 soccer.Soccer playGame
FINE: William Blake of the Terns team -- Receive pass 
6月 25, 2022 4:44:20 下午 soccer.Soccer playGame
FINE: William Blake of the Terns team -- Fouled. Free kick to attacking side.
6月 25, 2022 4:44:20 下午 soccer.Soccer playGame
FINE: Stephen Hawking of the Magpies team -- Saved. Kickout 
6月 25, 2022 4:44:20 下午 soccer.Soccer playGame
FINE: J. R. R. Tolkien of the Magpies team -- Receive pass 
6月 25, 2022 4:44:20 下午 soccer.Soccer playGame
FINE: J. R. R. Tolkien of the Magpies team -- Dribble 
6月 25, 2022 4:44:20 下午 soccer.Soccer playGame
FINE: J. R. R. Tolkien of the Magpies team -- SHOOTS 
6月 25, 2022 4:44:20 下午 soccer.Soccer playGame
FINE: Jo Nesbø of the Terns team -- Saved. Kickout 
6月 25, 2022 4:44:20 下午 soccer.Soccer playGame
FINE: Lewis Carroll of the Terns team -- Receive pass 
6月 25, 2022 4:44:20 下午 soccer.Soccer playGame
FINE: Lewis Carroll of the Terns team -- Fouled. Free kick to attacking side.
6月 25, 2022 4:44:20 下午 soccer.Soccer playGame
FINE: Lewis Carroll of the Terns team -- GOAL! 
